IQ-TREE multicore version 1.6.12 for Mac OS X 64-bit built Aug 15 2019
Developed by Bui Quang Minh, Nguyen Lam Tung, Olga Chernomor,
Heiko Schmidt, Dominik Schrempf, Michael Woodhams.

Host:    3c22fbcfc9cd.ant.amazon.com (AVX2, FMA3, 16 GB RAM)
Command: ../iqtree-1.6.12-MacOSX/bin/iqtree -s PF05141_aln_trimmedGappyout.fas -m MFP -safe -mem 16G -nt 6 -bb 5000 -pre PF05141_trimGappyout
Seed:    655012 (Using SPRNG - Scalable Parallel Random Number Generator)
Time:    Wed Apr 28 15:16:02 2021
Kernel:  Safe AVX+FMA - 6 threads (12 CPU cores detected)

Reading alignment file PF05141_aln_trimmedGappyout.fas ... Fasta format detected
Alignment most likely contains protein sequences
Alignment has 247 sequences with 246 columns, 246 distinct patterns
230 parsimony-informative, 10 singleton sites, 6 constant sites
        Gap/Ambiguity  Composition  p-value
   1  1zzz      0.00%    passed     98.34%
   2  2zzz      0.41%    passed     99.97%
   3  3zzz      0.81%    passed     97.04%
   4  4zzz      0.00%    passed     85.97%
   5  5zzz      0.00%    passed     96.93%
   6  6zzz      3.25%    passed     99.07%
   7  7zzz      0.00%    passed     67.45%
   8  8zzz      8.54%    passed      5.64%
   9  9zzz      0.00%    passed     86.23%
  10  10zzz    23.17%    passed     85.02%
  11  11zzz     0.00%    passed    100.00%
  12  12zzz     0.00%    passed     96.63%
  13  13zzz     0.00%    passed     77.40%
  14  14zzz     0.00%    passed     96.30%
  15  15zzz     0.00%    passed     86.86%
  16  16zzz     3.66%    passed     89.45%
  17  17zzz     0.00%    passed     99.73%
  18  18zzz     2.03%    passed     96.03%
  19  19zzz     0.00%    passed     94.48%
  20  20zzz     0.00%    passed     96.94%
  21  21zzz     0.00%    passed     95.08%
  22  22zzz     0.00%    passed     99.65%
  23  23zzz     3.25%    passed     99.02%
  24  24zzz     0.00%    passed     85.03%
  25  25zzz    10.98%    passed     88.01%
  26  26zzz     0.00%    passed     73.04%
  27  27zzz     0.00%    passed     93.41%
  28  28zzz     0.00%    passed     99.43%
  29  29zzz     0.00%    passed     96.37%
  30  30zzz     0.00%    passed     70.76%
  31  31zzz     0.00%    passed     99.91%
  32  32zzz     0.00%    passed     93.60%
  33  33zzz     0.00%    passed     99.59%
  34  34zzz     0.00%    passed     91.58%
  35  35zzz     0.00%    passed     99.43%
  36  36zzz     0.00%    passed     87.91%
  37  37zzz     0.81%    passed     89.02%
  38  38zzz     0.00%    passed     82.17%
  39  39zzz     0.00%    passed     89.88%
  40  40zzz     0.00%    passed     99.09%
  41  41zzz     0.00%    passed     66.17%
  42  42zzz     0.00%    passed     51.52%
  43  43zzz     3.66%    passed     64.92%
  44  44zzz     0.00%    passed     88.81%
  45  45zzz     0.00%    passed     99.08%
  46  46zzz     0.00%    passed     95.36%
  47  47zzz     0.00%    passed     98.97%
  48  48zzz     5.69%    passed     95.10%
  49  49zzz     0.00%    passed     96.93%
  50  50zzz     0.00%    passed     99.69%
  51  51zzz     0.00%    passed     97.20%
  52  52zzz     0.00%    passed     98.12%
  53  53zzz     0.00%    passed     88.05%
  54  54zzz     0.00%    passed     99.85%
  55  55zzz     0.00%    passed     94.70%
  56  56zzz     0.81%    passed     87.06%
  57  57zzz    26.02%    passed     38.86%
  58  58zzz     0.00%    passed     97.97%
  59  59zzz     0.81%    passed     91.65%
  60  60zzz     0.00%    passed     80.59%
  61  61zzz     0.00%    passed     87.52%
  62  62zzz     0.00%    passed     98.93%
  63  63zzz     0.00%    passed     99.85%
  64  64zzz     0.00%    passed     95.03%
  65  65zzz     0.00%    passed     98.94%
  66  66zzz    21.54%    passed     34.26%
  67  67zzz     0.00%    passed     95.34%
  68  68zzz     0.00%    passed     88.49%
  69  69zzz    21.54%    passed     71.91%
  70  70zzz     0.00%    passed     94.13%
  71  71zzz     0.00%    passed     99.48%
  72  72zzz     0.41%    passed     98.50%
  73  73zzz     0.00%    passed     92.10%
  74  74zzz     0.41%    passed     94.75%
  75  75zzz     0.00%    passed     95.03%
  76  76zzz     0.81%    failed      4.78%
  77  77zzz     0.81%    passed     99.70%
  78  78zzz     0.00%    passed     91.01%
  79  79zzz    39.02%    failed      0.00%
  80  80zzz     0.81%    passed     88.20%
  81  81zzz     0.00%    passed     96.12%
  82  82zzz     0.00%    passed     71.06%
  83  83zzz     0.00%    passed     99.90%
  84  84zzz     0.00%    passed     99.37%
  85  85zzz     0.00%    passed     61.34%
  86  86zzz     0.00%    passed     99.11%
  87  87zzz     0.00%    passed     95.86%
  88  88zzz     2.03%    passed     99.04%
  89  89zzz     0.00%    passed     99.74%
  90  90zzz     0.00%    passed     79.32%
  91  91zzz    26.02%    passed     81.57%
  92  92zzz     0.00%    passed     96.93%
  93  93zzz     0.00%    passed     84.61%
  94  94zzz     0.00%    passed     48.88%
  95  95zzz     0.00%    passed    100.00%
  96  96zzz     0.00%    passed     99.96%
  97  97zzz     0.41%    passed     92.19%
  98  98zzz     0.00%    passed     87.21%
  99  99zzz     0.00%    passed     98.10%
 100  100zzz    5.69%    passed     94.86%
 101  101zzz    0.00%    passed     99.03%
 102  102zzz    0.00%    passed     97.25%
 103  103zzz    0.00%    passed     96.49%
 104  104zzz    0.00%    passed     68.67%
 105  105zzz    0.00%    passed     99.09%
 106  106zzz    0.00%    passed     67.45%
 107  107zzz    0.00%    passed     47.41%
 108  108zzz    0.00%    passed     99.54%
 109  109zzz    0.00%    passed     95.36%
 110  110zzz    0.00%    passed     99.77%
 111  111zzz    0.00%    passed     83.78%
 112  112zzz    0.81%    passed     93.50%
 113  113zzz    1.22%    passed     90.66%
 114  114zzz    0.00%    passed     98.55%
 115  115zzz    1.22%    passed     94.55%
 116  116zzz    0.00%    passed     97.72%
 117  117zzz    3.66%    passed      9.97%
 118  118zzz   26.83%    passed     62.63%
 119  119zzz    0.00%    passed     98.34%
 120  120zzz    0.00%    passed     96.57%
 121  121zzz    0.00%    passed     94.81%
 122  122zzz    0.00%    passed     88.46%
 123  123zzz    0.00%    passed     71.06%
 124  124zzz    0.00%    passed     56.19%
 125  125zzz    0.00%    passed     99.20%
 126  126zzz    0.00%    passed     84.33%
 127  127zzz    0.00%    passed     99.44%
 128  128zzz    0.00%    passed     36.17%
 129  129zzz    0.00%    passed     98.59%
 130  130zzz    0.00%    passed     98.21%
 131  131zzz    0.00%    passed     68.08%
 132  132zzz    0.00%    passed     51.08%
 133  133zzz    0.00%    passed     99.78%
 134  134zzz    0.00%    passed     27.82%
 135  135zzz    0.00%    passed     99.77%
 136  136zzz    0.00%    passed     49.19%
 137  137zzz    0.00%    passed     99.77%
 138  138zzz    0.00%    passed     98.87%
 139  139zzz    0.00%    passed     42.92%
 140  140zzz    0.00%    passed     49.58%
 141  141zzz    0.00%    passed     37.49%
 142  142zzz    0.00%    passed     20.81%
 143  143zzz    0.00%    passed     99.79%
 144  144zzz    0.00%    passed     74.79%
 145  145zzz    0.00%    passed     92.94%
 146  146zzz    0.00%    passed     97.94%
 147  147zzz    0.00%    passed     44.97%
 148  148zzz    0.00%    passed     96.75%
 149  149zzz    0.00%    passed     96.68%
 150  150zzz    0.00%    passed     99.31%
 151  151zzz    0.00%    passed     97.77%
 152  152zzz    0.00%    passed     98.59%
 153  153zzz    0.00%    passed     99.47%
 154  154zzz    0.00%    passed     99.47%
 155  155zzz    0.00%    passed     98.90%
 156  156zzz    0.00%    passed     98.93%
 157  157zzz    0.81%    passed     89.02%
 158  158zzz    0.00%    passed     87.61%
 159  159zzz    0.00%    passed     82.17%
 160  160zzz    0.00%    passed     91.30%
 161  161zzz    0.00%    passed    100.00%
 162  162zzz    0.00%    passed     99.10%
 163  163zzz    8.54%    passed      6.31%
 164  164zzz    0.00%    passed     93.76%
 165  165zzz    0.00%    passed     99.60%
 166  166zzz    0.00%    passed     99.40%
 167  167zzz   21.14%    passed     98.86%
 168  168zzz    5.69%    passed     96.41%
 169  169zzz    0.00%    passed     98.61%
 170  170zzz    0.00%    passed     99.74%
 171  171zzz    0.00%    passed     99.53%
 172  172zzz    0.00%    passed     95.24%
 173  173zzz    0.00%    passed     98.95%
 174  174zzz    0.00%    passed     97.22%
 175  175zzz    0.81%    passed     85.41%
 176  176zzz    0.00%    passed     99.02%
 177  177zzz    0.00%    passed     99.93%
 178  178zzz    0.00%    passed     99.64%
 179  179zzz    8.54%    passed     11.06%
 180  180zzz    0.00%    passed     74.77%
 181  181zzz    0.00%    passed     99.08%
 182  182zzz    0.00%    passed     82.56%
 183  183zzz    0.00%    passed     99.89%
 184  184zzz    3.25%    passed     99.89%
 185  185zzz    0.00%    passed     98.02%
 186  186zzz    0.00%    passed     80.36%
 187  187zzz    0.00%    passed     71.47%
 188  188zzz    0.00%    passed     99.65%
 189  189zzz    0.00%    passed     96.94%
 190  190zzz    0.00%    passed     95.08%
 191  191zzz    0.00%    passed     99.57%
 192  192zzz    0.00%    passed     93.59%
 193  193zzz   21.54%    passed     44.09%
 194  194zzz    0.00%    passed     99.71%
 195  195zzz    0.00%    passed     97.44%
 196  196zzz    0.00%    passed     99.49%
 197  197zzz    0.00%    passed     78.02%
 198  198zzz    0.00%    passed     99.63%
 199  199zzz   21.54%    passed     96.03%
 200  200zzz   27.64%    passed     25.89%
 201  201zzz    0.00%    passed     98.75%
 202  202zzz    0.00%    passed     46.28%
 203  203zzz    0.00%    passed     65.76%
 204  204zzz   51.22%    passed      5.79%
 205  205zzz    0.00%    passed     97.11%
 206  206zzz    0.00%    passed     33.44%
 207  207zzz   34.96%    passed     94.65%
 208  208zzz    0.00%    passed     86.18%
 209  209zzz    0.00%    passed     88.01%
 210  210zzz    0.00%    passed     96.98%
 211  211zzz    0.00%    passed     99.26%
 212  212zzz    0.00%    passed     94.70%
 213  213zzz    0.00%    passed     99.71%
 214  214zzz    0.00%    passed     98.70%
 215  215zzz    0.00%    passed     99.40%
 216  216zzz    0.81%    passed     99.72%
 217  217zzz    0.81%    passed     80.30%
 218  218zzz    0.00%    passed     96.39%
 219  219zzz    0.00%    passed     97.74%
 220  220zzz    0.00%    passed     69.83%
 221  221zzz    0.00%    passed     81.25%
 222  222zzz    0.00%    passed     94.15%
 223  223zzz    0.00%    passed     97.30%
 224  224zzz    4.07%    failed      4.08%
 225  225zzz    0.81%    passed     15.74%
 226  226zzz    0.00%    passed     96.79%
 227  227zzz    0.00%    passed     93.22%
 228  228zzz    8.13%    passed     79.51%
 229  229zzz    0.00%    passed     95.48%
 230  230zzz    0.00%    passed     99.27%
 231  231zzz   21.54%    passed     66.79%
 232  232zzz    0.00%    passed     88.96%
 233  233zzz    0.81%    failed      4.33%
 234  234zzz    4.07%    passed     21.43%
 235  235zzz   21.54%    passed     83.05%
 236  236zzz    0.00%    passed     97.97%
 237  237zzz    0.41%    passed     80.63%
 238  238zzz    0.00%    passed     85.42%
 239  239zzz    0.00%    passed     48.03%
 240  240zzz    0.81%    passed     98.17%
 241  241zzz    0.00%    passed     68.13%
 242  242zzz    0.00%    passed     97.97%
 243  243zzz    0.00%    passed     39.26%
 244  244zzz    0.00%    passed     44.97%
 245  245zzz    0.00%    passed     97.91%
 246  246zzz    0.00%    passed     84.78%
 247  247zzz    0.00%    passed     95.03%
WARNING: 1 sequences contain more than 50% gaps/ambiguity
****  TOTAL     2.09%  4 sequences failed composition chi2 test (p-value<5%; df=19)
NOTE: 119zzz is identical to 1zzz but kept for subsequent analysis
NOTE: 106zzz is identical to 7zzz but kept for subsequent analysis
NOTE: 189zzz is identical to 20zzz but kept for subsequent analysis
NOTE: 190zzz is identical to 21zzz but kept for subsequent analysis
NOTE: 188zzz is identical to 22zzz but kept for subsequent analysis
NOTE: 157zzz is identical to 37zzz but kept for subsequent analysis
NOTE: 159zzz is identical to 38zzz but kept for subsequent analysis
NOTE: 105zzz is identical to 40zzz but kept for subsequent analysis
NOTE: 109zzz is identical to 46zzz but kept for subsequent analysis
NOTE: 156zzz is identical to 62zzz but kept for subsequent analysis
NOTE: 75zzz is identical to 64zzz but kept for subsequent analysis
NOTE: 123zzz is identical to 82zzz but kept for subsequent analysis
NOTE: 244zzz is identical to 147zzz but kept for subsequent analysis
NOTE: 154zzz is identical to 153zzz but kept for subsequent analysis
NOTE: 1 identical sequences (see below) will be ignored for subsequent analysis
NOTE: 247zzz (identical to 64zzz) is ignored but added at the end

For your convenience alignment with unique sequences printed to PF05141_trimGappyout.uniqueseq.phy


Create initial parsimony tree by phylogenetic likelihood library (PLL)... 0.050 seconds
NOTE: ModelFinder requires 106 MB RAM!
ModelFinder will test 546 protein models (sample size: 246) ...
 No. Model         -LnL         df  AIC          AICc         BIC
  1  Dayhoff       27794.781    489 56567.562    535787.562   58281.669
  2  Dayhoff+I     27703.875    490 56387.751    537567.751   58105.363
  3  Dayhoff+G4    26604.075    490 54188.150    535368.150   55905.762
  4  Dayhoff+I+G4  26601.434    491 54184.868    537328.868   55905.986
  5  Dayhoff+R2    26840.927    491 54663.853    537807.853   56384.971
  6  Dayhoff+R3    26642.841    493 54271.683    541355.683   55999.811
  7  Dayhoff+R4    26589.985    495 54169.969    545209.969   55905.108
  8  Dayhoff+R5    26574.529    497 54143.058    549155.058   55885.207
  9  Dayhoff+R6    26564.772    499 54127.544    553127.544   55876.704
 10  Dayhoff+R7    26561.149    501 54124.298    557128.298   55880.469
 14  Dayhoff+F     27747.192    508 56510.384    573654.384   58291.092
 15  Dayhoff+F+I   27663.730    509 56345.460    575525.460   58129.674
 16  Dayhoff+F+G4  26568.564    509 54155.128    573335.128   55939.342
 17  Dayhoff+F+I+G4 26566.230    510 54152.460    575372.460   55940.179
 18  Dayhoff+F+R2  26804.622    510 54629.243    575849.243   56416.962
 19  Dayhoff+F+R3  26605.466    512 54234.931    579546.931   56029.661
 20  Dayhoff+F+R4  26555.865    514 54139.731    583559.731   55941.471
 21  Dayhoff+F+R5  26541.515    516 54115.030    587659.030   55923.781
 22  Dayhoff+F+R6  26533.650    518 54103.301    591787.301   55919.063
 23  Dayhoff+F+R7  26529.909    520 54099.819    595939.819   55922.591
 27  mtMAM         30530.169    489 62038.338    541258.338   63752.445
 28  mtMAM+I       30426.599    490 61833.198    543013.198   63550.810
 29  mtMAM+G4      28266.021    490 57512.042    538692.042   59229.655
 30  mtMAM+I+G4    28256.636    491 57495.271    540639.271   59216.389
 31  mtMAM+R2      28691.490    491 58364.981    541508.981   60086.099
 32  mtMAM+R3      28378.730    493 57743.460    544827.460   59471.588
 33  mtMAM+R4      28269.326    495 57528.653    548568.653   59263.792
 34  mtMAM+R5      28250.239    497 57494.477    552506.477   59236.627
 35  mtMAM+R6      28241.390    499 57480.779    556480.779   59229.940
 36  mtMAM+R7      28231.322    501 57464.644    560468.644   59220.815
 37  mtMAM+R8      28214.392    503 57434.784    564458.784   59197.966
 38  mtMAM+R9      28212.143    505 57434.286    568494.286   59204.478
 40  mtMAM+F       29096.716    508 59209.433    576353.433   60990.141
 41  mtMAM+F+I     28989.160    509 58996.320    578176.320   60780.533
 42  mtMAM+F+G4    27241.354    509 55500.709    574680.709   57284.922
 43  mtMAM+F+I+G4  27236.912    510 55493.824    576713.824   57281.543
 44  mtMAM+F+R2    27621.062    510 56262.124    577482.124   58049.843
 45  mtMAM+F+R3    27324.448    512 55672.897    580984.897   57467.627
 46  mtMAM+F+R4    27255.706    514 55539.412    584959.412   57341.152
 47  mtMAM+F+R5    27231.546    516 55495.093    589039.093   57303.844
 48  mtMAM+F+R6    27220.515    518 55477.029    593161.029   57292.791
 49  mtMAM+F+R7    27212.369    520 55464.738    597304.738   57287.511
 50  mtMAM+F+R8    27204.960    522 55453.920    601465.920   57283.703
 51  mtMAM+F+R9    27202.645    524 55453.290    605653.290   57290.083
 53  JTT           27370.326    489 55718.651    534938.651   57432.758
 54  JTT+I         27268.225    490 55516.449    536696.449   57234.062
 55  JTT+G4        26143.637    490 53267.274    534447.274   54984.886
 56  JTT+I+G4      26138.177    491 53258.355    536402.355   54979.473
 57  JTT+R2        26382.511    491 53747.021    536891.021   55468.139
 58  JTT+R3        26189.278    493 53364.556    540448.556   55092.684
 59  JTT+R4        26131.721    495 53253.442    544293.442   54988.581
 60  JTT+R5        26122.829    497 53239.659    548251.659   54981.808
 61  JTT+R6        26118.662    499 53235.325    552235.325   54984.485
 66  JTT+F         27371.852    508 55759.704    572903.704   57540.413
 67  JTT+F+I       27270.667    509 55559.335    574739.335   57343.548
 68  JTT+F+G4      26163.527    509 53345.053    572525.053   55129.267
 69  JTT+F+I+G4    26157.947    510 53335.894    574555.894   55123.613
 70  JTT+F+R2      26400.368    510 53820.735    575040.735   55608.454
 71  JTT+F+R3      26204.688    512 53433.377    578745.377   55228.106
 72  JTT+F+R4      26151.366    514 53330.731    582750.731   55132.472
 73  JTT+F+R5      26143.912    516 53319.824    586863.824   55128.575
 74  JTT+F+R6      26139.927    518 53315.854    590999.854   55131.616
 79  WAG           27327.624    489 55633.249    534853.249   57347.356
 80  WAG+I         27231.929    490 55443.857    536623.857   57161.470
 81  WAG+G4        26226.620    490 53433.240    534613.240   55150.852
 82  WAG+I+G4      26222.042    491 53426.084    536570.084   55147.202
 83  WAG+R2        26440.173    491 53862.346    537006.346   55583.464
 84  WAG+R3        26264.028    493 53514.057    540598.057   55242.185
 85  WAG+R4        26207.226    495 53404.451    544444.451   55139.590
 86  WAG+R5        26199.032    497 53392.064    548404.064   55134.214
 87  WAG+R6        26195.488    499 53388.977    552388.977   55138.137
 92  WAG+F         27328.647    508 55673.294    572817.294   57454.003
 93  WAG+F+I       27234.530    509 55487.061    574667.061   57271.274
 94  WAG+F+G4      26227.547    509 53473.095    572653.095   55257.309
 95  WAG+F+I+G4    26222.987    510 53465.973    574685.973   55253.692
 96  WAG+F+R2      26442.751    510 53905.502    575125.502   55693.221
 97  WAG+F+R3      26261.511    512 53547.022    578859.022   55341.751
 98  WAG+F+R4      26209.690    514 53447.381    582867.381   55249.121
 99  WAG+F+R5      26202.116    516 53436.232    586980.232   55244.984
100  WAG+F+R6      26198.475    518 53432.949    591116.949   55248.711
105  cpREV         27459.381    489 55896.762    535116.762   57610.869
106  cpREV+I       27383.181    490 55746.362    536926.362   57463.974
107  cpREV+G4      26290.988    490 53561.976    534741.976   55279.588
108  cpREV+I+G4    26288.988    491 53559.976    536703.976   55281.093
109  cpREV+R2      26526.784    491 54035.569    537179.569   55756.686
110  cpREV+R3      26334.976    493 53655.952    540739.952   55384.081
111  cpREV+R4      26282.248    495 53554.495    544594.495   55289.634
112  cpREV+R5      26273.387    497 53540.774    548552.774   55282.924
113  cpREV+R6      26269.569    499 53537.138    552537.138   55286.298
118  cpREV+F       27467.944    508 55951.887    573095.887   57732.596
119  cpREV+F+I     27388.604    509 55795.208    574975.208   57579.422
120  cpREV+F+G4    26323.339    509 53664.679    572844.679   55448.892
121  cpREV+F+I+G4  26321.347    510 53662.694    574882.694   55450.414
122  cpREV+F+R2    26559.426    510 54138.852    575358.852   55926.571
123  cpREV+F+R3    26368.825    512 53761.649    579073.649   55556.379
124  cpREV+F+R4    26313.881    514 53655.762    583075.762   55457.502
125  cpREV+F+R5    26303.493    516 53638.986    587182.986   55447.737
126  cpREV+F+R6    26299.088    518 53634.176    591318.176   55449.938
131  mtREV         29254.904    489 59487.809    538707.809   61201.916
132  mtREV+I       29173.953    490 59327.905    540507.905   61045.518
133  mtREV+G4      27594.087    490 56168.174    537348.174   57885.786
134  mtREV+I+G4    27591.263    491 56164.525    539308.525   57885.643
135  mtREV+R2      27906.032    491 56794.065    539938.065   58515.183
136  mtREV+R3      27664.314    493 56314.627    543398.627   58042.756
137  mtREV+R4      27600.698    495 56191.395    547231.395   57926.535
138  mtREV+R5      27584.165    497 56162.330    551174.330   57904.479
139  mtREV+R6      27577.736    499 56153.473    555153.473   57902.633
140  mtREV+R7      27571.762    501 56145.525    559149.525   57901.696
141  mtREV+R8      27570.762    503 56147.523    563171.523   57910.705
144  mtREV+F       28008.573    508 57033.147    574177.147   58813.855
145  mtREV+F+I     27923.275    509 56864.551    576044.551   58648.765
146  mtREV+F+G4    26621.265    509 54260.529    573440.529   56044.743
147  mtREV+F+I+G4  26619.073    510 54258.145    575478.145   56045.864
148  mtREV+F+R2    26917.142    510 54854.284    576074.284   56642.003
149  mtREV+F+R3    26685.416    512 54394.833    579706.833   56189.563
150  mtREV+F+R4    26626.219    514 54280.438    583700.438   56082.179
151  mtREV+F+R5    26610.960    516 54253.919    587797.919   56062.670
152  mtREV+F+R6    26606.362    518 54248.724    591932.724   56064.486
157  rtREV         27764.711    489 56507.421    535727.421   58221.528
158  rtREV+I       27666.554    490 56313.107    537493.107   58030.720
159  rtREV+G4      26514.342    490 54008.683    535188.683   55726.296
160  rtREV+I+G4    26509.012    491 54000.025    537144.025   55721.142
161  rtREV+R2      26769.510    491 54521.019    537665.019   56242.137
162  rtREV+R3      26551.251    493 54088.502    541172.502   55816.630
163  rtREV+R4      26505.858    495 54001.715    545041.715   55736.854
164  rtREV+R5      26495.325    497 53984.650    548996.650   55726.799
165  rtREV+R6      26491.879    499 53981.759    552981.759   55730.919
170  rtREV+F       27695.617    508 56407.235    573551.235   58187.943
171  rtREV+F+I     27601.078    509 56220.155    575400.155   58004.369
172  rtREV+F+G4    26430.021    509 53878.041    573058.041   55662.255
173  rtREV+F+I+G4  26425.876    510 53871.752    575091.752   55659.471
174  rtREV+F+R2    26687.038    510 54394.076    575614.076   56181.796
175  rtREV+F+R3    26465.723    512 53955.445    579267.445   55750.175
176  rtREV+F+R4    26424.298    514 53876.597    583296.597   55678.337
177  rtREV+F+R5    26414.756    516 53861.512    587405.512   55670.263
178  rtREV+F+R6    26411.814    518 53859.628    591543.628   55675.390
183  mtART         30554.048    489 62086.096    541306.096   63800.203
184  mtART+I       30495.413    490 61970.825    543150.825   63688.438
185  mtART+G4      28278.327    490 57536.653    538716.653   59254.266
186  mtART+I+G4    28274.577    491 57531.155    540675.155   59252.273
187  mtART+R2      28695.107    491 58372.215    541516.215   60093.332
188  mtART+R3      28369.397    493 57724.795    544808.795   59452.923
189  mtART+R4      28278.589    495 57547.179    548587.179   59282.318
190  mtART+R5      28261.986    497 57517.971    552529.971   59260.121
191  mtART+R6      28256.367    499 57510.734    556510.734   59259.894
192  mtART+R7      28242.024    501 57486.048    560490.048   59242.219
193  mtART+R8      28236.575    503 57479.151    564503.151   59242.333
196  mtART+F       29022.645    508 59061.289    576205.289   60841.998
197  mtART+F+I     28962.330    509 58942.660    578122.660   60726.874
198  mtART+F+G4    27193.338    509 55404.676    574584.676   57188.890
199  mtART+F+I+G4  27191.448    510 55402.897    576622.897   57190.616
200  mtART+F+R2    27543.161    510 56106.321    577326.321   57894.041
201  mtART+F+R3    27263.249    512 55550.499    580862.499   57345.228
202  mtART+F+R4    27202.646    514 55433.291    584853.291   57235.032
203  mtART+F+R5    27188.388    516 55408.776    588952.776   57217.527
204  mtART+F+R6    27180.441    518 55396.882    593080.882   57212.644
205  mtART+F+R7    27164.153    520 55368.306    597208.306   57191.078
206  mtART+F+R8    27160.552    522 55365.105    601377.105   57194.888
209  mtZOA         29314.123    489 59606.246    538826.246   61320.353
210  mtZOA+I       29256.176    490 59492.351    540672.351   61209.964
211  mtZOA+G4      27384.456    490 55748.912    536928.912   57466.524
212  mtZOA+I+G4    27381.048    491 55744.096    538888.096   57465.214
213  mtZOA+R2      27709.256    491 56400.512    539544.512   58121.630
214  mtZOA+R3      27438.236    493 55862.473    542946.473   57590.601
215  mtZOA+R4      27377.691    495 55745.382    546785.382   57480.521
216  mtZOA+R5      27369.054    497 55732.108    550744.108   57474.258
217  mtZOA+R6      27365.136    499 55728.271    554728.271   57477.432
222  mtZOA+F       28180.483    508 57376.967    574520.967   59157.675
223  mtZOA+F+I     28118.772    509 57255.544    576435.544   59039.757
224  mtZOA+F+G4    26641.971    509 54301.942    573481.942   56086.156
225  mtZOA+F+I+G4  26640.505    510 54301.011    575521.011   56088.730
226  mtZOA+F+R2    26933.235    510 54886.469    576106.469   56674.188
227  mtZOA+F+R3    26697.399    512 54418.799    579730.799   56213.529
228  mtZOA+F+R4    26653.704    514 54335.407    583755.407   56137.147
229  mtZOA+F+R5    26637.162    516 54306.325    587850.325   56115.076
230  mtZOA+F+R6    26628.345    518 54292.690    591976.690   56108.452
231  mtZOA+F+R7    26617.516    520 54275.031    596115.031   56097.804
232  mtZOA+F+R8    26616.241    522 54276.481    600288.481   56106.264
235  VT            27412.203    489 55802.406    535022.406   57516.513
236  VT+I          27315.947    490 55611.893    536791.893   57329.506
237  VT+G4         26304.485    490 53588.970    534768.970   55306.583
238  VT+I+G4       26299.567    491 53581.133    536725.133   55302.251
239  VT+R2         26518.088    491 54018.175    537162.175   55739.293
240  VT+R3         26335.507    493 53657.015    540741.015   55385.143
241  VT+R4         26289.798    495 53569.595    544609.595   55304.735
242  VT+R5         26283.979    497 53561.959    548573.959   55304.108
243  VT+R6         26282.109    499 53562.219    552562.219   55311.379
248  VT+F          27418.847    508 55853.694    572997.694   57634.403
249  VT+F+I        27322.732    509 55663.463    574843.463   57447.677
250  VT+F+G4       26323.103    509 53664.206    572844.206   55448.420
251  VT+F+I+G4     26318.006    510 53656.012    574876.012   55443.731
252  VT+F+R2       26534.650    510 54089.300    575309.300   55877.019
253  VT+F+R3       26349.649    512 53723.298    579035.298   55518.027
254  VT+F+R4       26308.693    514 53645.386    583065.386   55447.126
255  VT+F+R5       26303.152    516 53638.304    587182.304   55447.056
256  VT+F+R6       26301.699    518 53639.398    591323.398   55455.160
261  LG            27428.342    489 55834.685    535054.685   57548.792
262  LG+I          27331.208    490 55642.416    536822.416   57360.029
263  LG+G4         26151.188    490 53282.375    534462.375   54999.988
264  LG+I+G4       26147.181    491 53276.361    536420.361   54997.479
265  LG+R2         26411.416    491 53804.832    536948.832   55525.950
266  LG+R3         26206.281    493 53398.562    540482.562   55126.690
267  LG+R4         26148.876    495 53287.751    544327.751   55022.890
268  LG+R5         26138.622    497 53271.244    548283.244   55013.393
269  LG+R6         26134.888    499 53267.777    552267.777   55016.937
274  LG+F          27439.528    508 55895.056    573039.056   57675.764
275  LG+F+I        27342.893    509 55703.787    574883.787   57488.000
276  LG+F+G4       26178.105    509 53374.210    572554.210   55158.423
277  LG+F+I+G4     26174.070    510 53368.139    574588.139   55155.858
278  LG+F+R2       26434.603    510 53889.207    575109.207   55676.926
279  LG+F+R3       26227.657    512 53479.315    578791.315   55274.045
280  LG+F+R4       26174.981    514 53377.961    582797.961   55179.701
281  LG+F+R5       26165.041    516 53362.081    586906.081   55170.832
282  LG+F+R6       26161.883    518 53359.765    591043.765   55175.527
287  DCMut         27795.763    489 56569.527    535789.527   58283.634
288  DCMut+I       27704.779    490 56389.557    537569.557   58107.170
289  DCMut+G4      26606.077    490 54192.153    535372.153   55909.766
290  DCMut+I+G4    26603.439    491 54188.878    537332.878   55909.996
291  DCMut+R2      26846.906    491 54675.811    537819.811   56396.929
292  DCMut+R3      26645.223    493 54276.446    541360.446   56004.575
293  DCMut+R4      26597.606    495 54185.212    545225.212   55920.351
294  DCMut+R5      26584.874    497 54163.747    549175.747   55905.897
295  DCMut+R6      26579.455    499 54156.910    553156.910   55906.070
300  DCMut+F       27748.155    508 56512.311    573656.311   58293.019
301  DCMut+F+I     27664.587    509 56347.174    575527.174   58131.387
302  DCMut+F+G4    26570.374    509 54158.749    573338.749   55942.963
303  DCMut+F+I+G4  26568.036    510 54156.073    575376.073   55943.792
304  DCMut+F+R2    26808.036    510 54636.073    575856.073   56423.792
305  DCMut+F+R3    26607.708    512 54239.416    579551.416   56034.146
306  DCMut+F+R4    26561.212    514 54150.425    583570.425   55952.165
307  DCMut+F+R5    26550.569    516 54133.137    587677.137   55941.888
308  DCMut+F+R6    26546.082    518 54128.165    591812.165   55943.926
313  PMB           27741.060    489 56460.121    535680.121   58174.228
314  PMB+I         27651.524    490 56283.047    537463.047   58000.660
315  PMB+G4        26605.327    490 54190.654    535370.654   55908.267
316  PMB+I+G4      26601.138    491 54184.275    537328.275   55905.393
317  PMB+R2        26815.871    491 54613.742    537757.742   56334.859
318  PMB+R3        26634.035    493 54254.069    541338.069   55982.198
319  PMB+R4        26590.170    495 54170.341    545210.341   55905.480
320  PMB+R5        26583.147    497 54160.293    549172.293   55902.443
321  PMB+R6        26581.607    499 54161.215    553161.215   55910.375
326  PMB+F         27751.444    508 56518.887    573662.887   58299.596
327  PMB+F+I       27662.463    509 56342.925    575522.925   58127.139
328  PMB+F+G4      26636.464    509 54290.929    573470.929   56075.143
329  PMB+F+I+G4    26632.265    510 54284.531    575504.531   56072.250
330  PMB+F+R2      26846.707    510 54713.414    575933.414   56501.134
331  PMB+F+R3      26663.372    512 54350.744    579662.744   56145.474
332  PMB+F+R4      26621.157    514 54270.313    583690.313   56072.054
333  PMB+F+R5      26614.521    516 54261.041    587805.041   56069.792
334  PMB+F+R6      26613.107    518 54262.214    591946.214   56077.976
339  HIVb          28046.850    489 57071.700    536291.700   58785.807
340  HIVb+I        27935.325    490 56850.649    538030.649   58568.262
341  HIVb+G4       26561.576    490 54103.152    535283.152   55820.764
342  HIVb+I+G4     26557.045    491 54096.090    537240.090   55817.208
343  HIVb+R2       26870.792    491 54723.584    537867.584   56444.701
344  HIVb+R3       26644.890    493 54275.781    541359.781   56003.909
345  HIVb+R4       26568.026    495 54126.053    545166.053   55861.192
346  HIVb+R5       26553.176    497 54100.353    549112.353   55842.502
347  HIVb+R6       26546.863    499 54091.726    553091.726   55840.887
348  HIVb+R7       26535.401    501 54072.802    557076.802   55828.974
349  HIVb+R8       26533.109    503 54072.219    561096.219   55835.401
352  HIVb+F        28032.081    508 57080.162    574224.162   58860.871
353  HIVb+F+I      27919.328    509 56856.656    576036.656   58640.870
354  HIVb+F+G4     26535.944    509 54089.888    573269.888   55874.102
355  HIVb+F+I+G4   26531.115    510 54082.231    575302.231   55869.950
356  HIVb+F+R2     26848.272    510 54716.544    575936.544   56504.263
357  HIVb+F+R3     26621.120    512 54266.241    579578.241   56060.970
358  HIVb+F+R4     26542.192    514 54112.384    583532.384   55914.124
359  HIVb+F+R5     26528.202    516 54088.403    587632.403   55897.154
360  HIVb+F+R6     26522.010    518 54080.020    591764.020   55895.782
361  HIVb+F+R7     26510.634    520 54061.267    595901.267   55884.040
362  HIVb+F+R8     26508.793    522 54061.585    600073.585   55891.369
365  HIVw          28994.986    489 58967.972    538187.972   60682.079
366  HIVw+I        28879.273    490 58738.547    539918.547   60456.159
367  HIVw+G4       27544.355    490 56068.709    537248.709   57786.322
368  HIVw+I+G4     27539.510    491 56061.019    539205.019   57782.137
369  HIVw+R2       27852.160    491 56686.320    539830.320   58407.438
370  HIVw+R3       27617.829    493 56221.659    543305.659   57949.787
371  HIVw+R4       27547.894    495 56085.787    547125.787   57820.927
372  HIVw+R5       27533.422    497 56060.844    551072.844   57802.994
373  HIVw+R6       27526.360    499 56050.720    555050.720   57799.881
374  HIVw+R7       27510.275    501 56022.550    559026.550   57778.722
375  HIVw+R8       27507.856    503 56021.711    563045.711   57784.893
378  HIVw+F        28622.261    508 58260.522    575404.522   60041.230
379  HIVw+F+I      28498.803    509 58015.607    577195.607   59799.821
380  HIVw+F+G4     27187.077    509 55392.154    574572.154   57176.368
381  HIVw+F+I+G4   27179.441    510 55378.881    576598.881   57166.600
382  HIVw+F+R2     27460.119    510 55940.239    577160.239   57727.958
383  HIVw+F+R3     27255.419    512 55534.838    580846.838   57329.568
384  HIVw+F+R4     27182.540    514 55393.079    584813.079   57194.820
385  HIVw+F+R5     27169.745    516 55371.489    588915.489   57180.240
386  HIVw+F+R6     27164.925    518 55365.850    593049.850   57181.612
391  JTTDCMut      27371.978    489 55721.956    534941.956   57436.063
392  JTTDCMut+I    27269.566    490 55519.132    536699.132   57236.745
393  JTTDCMut+G4   26146.140    490 53272.279    534452.279   54989.892
394  JTTDCMut+I+G4 26140.788    491 53263.576    536407.576   54984.693
395  JTTDCMut+R2   26388.372    491 53758.744    536902.744   55479.862
396  JTTDCMut+R3   26192.989    493 53371.977    540455.977   55100.106
397  JTTDCMut+R4   26137.689    495 53265.378    544305.378   55000.517
398  JTTDCMut+R5   26130.370    497 53254.739    548266.739   54996.889
399  JTTDCMut+R6   26127.362    499 53252.724    552252.724   55001.884
404  JTTDCMut+F    27376.682    508 55769.365    572913.365   57550.073
405  JTTDCMut+F+I  27275.353    509 55568.707    574748.707   57352.920
406  JTTDCMut+F+G4 26168.455    509 53354.911    572534.911   55139.125
407  JTTDCMut+F+I+G4 26162.973    510 53345.945    574565.945   55133.664
408  JTTDCMut+F+R2 26408.056    510 53836.112    575056.112   55623.831
409  JTTDCMut+F+R3 26210.798    512 53445.596    578757.596   55240.326
410  JTTDCMut+F+R4 26158.886    514 53345.773    582765.773   55147.513
411  JTTDCMut+F+R5 26152.383    516 53336.766    586880.766   55145.517
412  JTTDCMut+F+R6 26150.039    518 53336.078    591020.078   55151.840
417  FLU           28000.484    489 56978.967    536198.967   58693.074
418  FLU+I         27913.123    490 56806.247    537986.247   58523.859
419  FLU+G4        26590.755    490 54161.510    535341.510   55879.123
420  FLU+I+G4      26588.140    491 54158.280    537302.280   55879.398
421  FLU+R2        26860.235    491 54702.470    537846.470   56423.588
422  FLU+R3        26665.062    493 54316.124    541400.124   56044.253
423  FLU+R4        26595.444    495 54180.888    545220.888   55916.027
424  FLU+R5        26580.489    497 54154.979    549166.979   55897.128
425  FLU+R6        26574.767    499 54147.535    553147.535   55896.695
426  FLU+R7        26560.764    501 54123.528    557127.528   55879.699
427  FLU+R8        26558.494    503 54122.989    561146.989   55886.170
430  FLU+F         27909.210    508 56834.421    573978.421   58615.129
431  FLU+F+I       27818.337    509 56654.674    575834.674   58438.888
432  FLU+F+G4      26486.802    509 53991.604    573171.604   55775.818
433  FLU+F+I+G4    26484.237    510 53988.475    575208.475   55776.194
434  FLU+F+R2      26759.744    510 54539.489    575759.489   56327.208
435  FLU+F+R3      26559.542    512 54143.083    579455.083   55937.813
436  FLU+F+R4      26493.059    514 54014.117    583434.117   55815.858
437  FLU+F+R5      26478.321    516 53988.641    587532.641   55797.392
438  FLU+F+R6      26472.932    518 53981.864    591665.864   55797.626
443  Blosum62      27719.129    489 56416.257    535636.257   58130.365
444  Blosum62+I    27626.003    490 56232.005    537412.005   57949.618
445  Blosum62+G4   26597.479    490 54174.958    535354.958   55892.570
446  Blosum62+I+G4 26592.963    491 54167.925    537311.925   55889.043
447  Blosum62+R2   26812.767    491 54607.533    537751.533   56328.651
448  Blosum62+R3   26620.606    493 54227.212    541311.212   55955.340
449  Blosum62+R4   26584.364    495 54158.727    545198.727   55893.866
450  Blosum62+R5   26578.369    497 54150.738    549162.738   55892.888
451  Blosum62+R6   26577.184    499 54152.368    553152.368   55901.528
456  Blosum62+F    27722.141    508 56460.281    573604.281   58240.990
457  Blosum62+F+I  27628.985    509 56275.969    575455.969   58060.183
458  Blosum62+F+G4 26623.509    509 54265.019    573445.019   56049.232
459  Blosum62+F+I+G4 26619.028    510 54258.056    575478.056   56045.775
460  Blosum62+F+R2 26837.497    510 54694.995    575914.995   56482.714
461  Blosum62+F+R3 26646.009    512 54316.018    579628.018   56110.748
462  Blosum62+F+R4 26610.432    514 54248.865    583668.865   56050.605
463  Blosum62+F+R5 26604.824    516 54241.647    587785.647   56050.398
464  Blosum62+F+R6 26603.564    518 54243.128    591927.128   56058.889
469  mtMet         29241.594    489 59461.188    538681.188   61175.295
470  mtMet+I       29174.534    490 59329.069    540509.069   61046.681
471  mtMet+G4      27517.237    490 56014.474    537194.474   57732.087
472  mtMet+I+G4    27516.011    491 56014.022    539158.022   57735.140
473  mtMet+R2      27810.106    491 56602.212    539746.212   58323.330
474  mtMet+R3      27571.159    493 56128.318    543212.318   57856.447
475  mtMet+R4      27521.566    495 56033.133    547073.133   57768.272
476  mtMet+R5      27512.958    497 56019.915    551031.915   57762.065
477  mtMet+R6      27510.670    499 56019.340    555019.340   57768.501
482  mtMet+F       27896.939    508 56809.878    573953.878   58590.586
483  mtMet+F+I     27821.911    509 56661.822    575841.822   58446.035
484  mtMet+F+G4    26468.089    509 53954.177    573134.177   55738.391
485  mtMet+F+I+G4  26466.912    510 53953.824    575173.824   55741.543
486  mtMet+F+R2    26750.358    510 54520.716    575740.716   56308.435
487  mtMet+F+R3    26529.951    512 54083.902    579395.902   55878.632
488  mtMet+F+R4    26483.480    514 53994.961    583414.961   55796.701
489  mtMet+F+R5    26467.681    516 53967.361    587511.361   55776.112
490  mtMet+F+R6    26463.698    518 53963.396    591647.396   55779.158
495  mtVer         29517.741    489 60013.481    539233.481   61727.588
496  mtVer+I       29433.097    490 59846.194    541026.194   61563.806
497  mtVer+G4      27648.399    490 56276.798    537456.798   57994.411
498  mtVer+I+G4    27647.115    491 56276.230    539420.230   57997.348
499  mtVer+R2      27998.008    491 56978.016    540122.016   58699.134
500  mtVer+R3      27720.340    493 56426.679    543510.679   58154.808
501  mtVer+R4      27663.419    495 56316.839    547356.839   58051.978
502  mtVer+R5      27655.413    497 56304.825    551316.825   58046.975
503  mtVer+R6      27652.419    499 56302.838    555302.838   58051.998
508  mtVer+F       28338.957    508 57693.913    574837.913   59474.622
509  mtVer+F+I     28243.332    509 57504.665    576684.665   59288.878
510  mtVer+F+G4    26771.092    509 54560.184    573740.184   56344.398
511  mtVer+F+I+G4  26769.351    510 54558.701    575778.701   56346.420
512  mtVer+F+R2    27116.816    510 55253.632    576473.632   57041.351
513  mtVer+F+R3    26847.252    512 54718.505    580030.505   56513.234
514  mtVer+F+R4    26805.965    514 54639.929    584059.929   56441.670
515  mtVer+F+R5    26786.153    516 54604.307    588148.307   56413.058
516  mtVer+F+R6    26780.314    518 54596.627    592280.627   56412.389
517  mtVer+F+R7    26755.273    520 54550.545    596390.545   56373.318
518  mtVer+F+R8    26752.768    522 54549.536    600561.536   56379.319
521  mtInv         29355.693    489 59689.385    538909.385   61403.492
522  mtInv+I       29290.457    490 59560.915    540740.915   61278.527
523  mtInv+G4      27734.972    490 56449.944    537629.944   58167.557
524  mtInv+I+G4    27733.844    491 56449.687    539593.687   58170.805
525  mtInv+R2      28005.285    491 56992.570    540136.570   58713.688
526  mtInv+R3      27786.643    493 56559.286    543643.286   58287.414
527  mtInv+R4      27740.881    495 56471.761    547511.761   58206.900
528  mtInv+R5      27728.825    497 56451.650    551463.650   58193.799
529  mtInv+R6      27726.519    499 56451.038    555451.038   58200.198
534  mtInv+F       27741.154    508 56498.308    573642.308   58279.016
535  mtInv+F+I     27666.321    509 56350.641    575530.641   58134.855
536  mtInv+F+G4    26407.776    509 53833.553    573013.553   55617.767
537  mtInv+F+I+G4  26406.003    510 53832.005    575052.005   55619.724
538  mtInv+F+R2    26673.846    510 54367.691    575587.691   56155.411
539  mtInv+F+R3    26460.123    512 53944.245    579256.245   55738.975
540  mtInv+F+R4    26415.356    514 53858.713    583278.713   55660.453
541  mtInv+F+R5    26402.245    516 53836.490    587380.490   55645.241
542  mtInv+F+R6    26399.546    518 53835.092    591519.092   55650.853
Akaike Information Criterion:           JTT+R6
Corrected Akaike Information Criterion: JTT+G4
Bayesian Information Criterion:         JTT+I+G4
Best-fit model: JTT+I+G4 chosen according to BIC

All model information printed to PF05141_trimGappyout.model.gz
CPU time for ModelFinder: 2005.893 seconds (0h:33m:25s)
Wall-clock time for ModelFinder: 349.016 seconds (0h:5m:49s)
Generating 5000 samples for ultrafast bootstrap (seed: 655012)...

NOTE: 45 MB RAM (0 GB) is required!
Estimate model parameters (epsilon = 0.100)
Thoroughly optimizing +I+G parameters from 10 start values...
Init pinv, alpha: 0.000, 1.000 / Estimate: 0.000, 1.011 / LogL: -26143.496
Init pinv, alpha: 0.003, 1.000 / Estimate: 0.017, 1.079 / LogL: -26138.169
Init pinv, alpha: 0.005, 1.000 / Estimate: 0.017, 1.080 / LogL: -26138.164
Init pinv, alpha: 0.008, 1.000 / Estimate: 0.017, 1.080 / LogL: -26138.162
Init pinv, alpha: 0.011, 1.000 / Estimate: 0.017, 1.081 / LogL: -26138.161
Init pinv, alpha: 0.014, 1.000 / Estimate: 0.017, 1.080 / LogL: -26138.164
Init pinv, alpha: 0.016, 1.000 / Estimate: 0.017, 1.081 / LogL: -26138.162
Init pinv, alpha: 0.019, 1.000 / Estimate: 0.017, 1.081 / LogL: -26138.161
Init pinv, alpha: 0.022, 1.000 / Estimate: 0.018, 1.082 / LogL: -26138.157
Init pinv, alpha: 0.024, 1.000 / Estimate: 0.018, 1.082 / LogL: -26138.156
Optimal pinv,alpha: 0.018, 1.082 / LogL: -26138.156

Parameters optimization took 3.250 sec
Computing ML distances based on estimated model parameters... 20.090 sec
WARNING: Some pairwise ML distances are too long (saturated)
Computing BIONJ tree...
0.040 seconds
Log-likelihood of BIONJ tree: -26443.290
--------------------------------------------------------------------
|             INITIALIZING CANDIDATE TREE SET                      |
--------------------------------------------------------------------
Generating 98 parsimony trees... 6.017 second
Computing log-likelihood of 98 initial trees ... 7.371 seconds
Current best score: -26117.412

Do NNI search on 20 best initial trees
Estimate model parameters (epsilon = 0.100)
BETTER TREE FOUND at iteration 1: -26077.636
Estimate model parameters (epsilon = 0.100)
BETTER TREE FOUND at iteration 6: -26072.151
Estimate model parameters (epsilon = 0.100)
BETTER TREE FOUND at iteration 7: -26070.694
Iteration 10 / LogL: -26085.699 / Time: 0h:0m:35s
Iteration 20 / LogL: -26085.777 / Time: 0h:0m:50s
Finish initializing candidate tree set (20)
Current best tree score: -26070.694 / CPU time: 43.590
Number of iterations: 20
--------------------------------------------------------------------
|               OPTIMIZING CANDIDATE TREE SET                      |
--------------------------------------------------------------------
Estimate model parameters (epsilon = 0.100)
BETTER TREE FOUND at iteration 21: -26064.541
Estimate model parameters (epsilon = 0.100)
BETTER TREE FOUND at iteration 22: -26062.795
Iteration 30 / LogL: -26071.631 / Time: 0h:1m:8s (0h:3m:37s left)
Iteration 40 / LogL: -26070.027 / Time: 0h:1m:25s (0h:3m:0s left)
Iteration 50 / LogL: -26078.133 / Time: 0h:1m:42s (0h:2m:30s left)
Log-likelihood cutoff on original alignment: -26134.937
Estimate model parameters (epsilon = 0.100)
BETTER TREE FOUND at iteration 53: -26060.883
Iteration 60 / LogL: -26069.828 / Time: 0h:2m:2s (0h:3m:12s left)
Iteration 70 / LogL: -26068.937 / Time: 0h:2m:19s (0h:2m:47s left)
Estimate model parameters (epsilon = 0.100)
BETTER TREE FOUND at iteration 79: -26056.655
Iteration 80 / LogL: -26070.293 / Time: 0h:2m:35s (0h:3m:15s left)
Iteration 90 / LogL: -26066.529 / Time: 0h:2m:52s (0h:2m:52s left)
Estimate model parameters (epsilon = 0.100)
BETTER TREE FOUND at iteration 93: -26056.259
Iteration 100 / LogL: -26073.474 / Time: 0h:3m:9s (0h:2m:57s left)
Log-likelihood cutoff on original alignment: -26132.619
NOTE: Bootstrap correlation coefficient of split occurrence frequencies: 0.997
Iteration 110 / LogL: -26070.463 / Time: 0h:3m:29s (0h:2m:52s left)
Estimate model parameters (epsilon = 0.100)
BETTER TREE FOUND at iteration 112: -26055.922
Iteration 120 / LogL: -26067.545 / Time: 0h:3m:46s (0h:2m:54s left)
Estimate model parameters (epsilon = 0.100)
BETTER TREE FOUND at iteration 129: -26055.647
Iteration 130 / LogL: -26070.230 / Time: 0h:4m:3s (0h:3m:7s left)
Iteration 140 / LogL: -26068.164 / Time: 0h:4m:20s (0h:2m:46s left)
Iteration 150 / LogL: -26059.363 / Time: 0h:4m:37s (0h:2m:27s left)
Log-likelihood cutoff on original alignment: -26132.619
Iteration 160 / LogL: -26080.104 / Time: 0h:4m:57s (0h:2m:9s left)
Iteration 170 / LogL: -26055.649 / Time: 0h:5m:16s (0h:1m:50s left)
Estimate model parameters (epsilon = 0.100)
BETTER TREE FOUND at iteration 172: -26055.483
Iteration 180 / LogL: -26062.277 / Time: 0h:5m:33s (0h:2m:51s left)
Iteration 190 / LogL: -26073.201 / Time: 0h:5m:49s (0h:2m:31s left)
Iteration 200 / LogL: -26074.568 / Time: 0h:6m:6s (0h:2m:12s left)
Log-likelihood cutoff on original alignment: -26132.619
NOTE: Bootstrap correlation coefficient of split occurrence frequencies: 0.996
Iteration 210 / LogL: -26063.144 / Time: 0h:6m:26s (0h:2m:46s left)
Iteration 220 / LogL: -26060.761 / Time: 0h:6m:44s (0h:2m:27s left)
Iteration 230 / LogL: -26063.041 / Time: 0h:7m:2s (0h:2m:9s left)
Iteration 240 / LogL: -26061.518 / Time: 0h:7m:18s (0h:1m:50s left)
Iteration 250 / LogL: -26066.515 / Time: 0h:7m:36s (0h:1m:31s left)
Log-likelihood cutoff on original alignment: -26132.619
Iteration 260 / LogL: -26066.677 / Time: 0h:7m:58s (0h:1m:13s left)
Iteration 270 / LogL: -26056.474 / Time: 0h:8m:15s (0h:0m:55s left)
TREE SEARCH COMPLETED AFTER 273 ITERATIONS / Time: 0h:8m:19s

--------------------------------------------------------------------
|                    FINALIZING TREE SEARCH                        |
--------------------------------------------------------------------
Performs final model parameters optimization
Estimate model parameters (epsilon = 0.010)
1. Initial log-likelihood: -26055.483
Optimal log-likelihood: -26055.483
Proportion of invariable sites: 0.017
Gamma shape alpha: 1.086
Parameters optimization took 1 rounds (0.117 sec)
BEST SCORE FOUND : -26055.483
Creating bootstrap support values...
Split supports printed to NEXUS file PF05141_trimGappyout.splits.nex
Total tree length: 35.640

Total number of iterations: 273
CPU time used for tree search: 2748.192 sec (0h:45m:48s)
Wall-clock time used for tree search: 492.534 sec (0h:8m:12s)
Total CPU time used: 2797.817 sec (0h:46m:37s)
Total wall-clock time used: 504.484 sec (0h:8m:24s)

Computing bootstrap consensus tree...
Reading input file PF05141_trimGappyout.splits.nex...
246 taxa and 1458 splits.
Consensus tree written to PF05141_trimGappyout.contree
Reading input trees file PF05141_trimGappyout.contree
Log-likelihood of consensus tree: -26055.662

Analysis results written to: 
  IQ-TREE report:                PF05141_trimGappyout.iqtree
  Maximum-likelihood tree:       PF05141_trimGappyout.treefile
  Likelihood distances:          PF05141_trimGappyout.mldist

Ultrafast bootstrap approximation results written to:
  Split support values:          PF05141_trimGappyout.splits.nex
  Consensus tree:                PF05141_trimGappyout.contree
  Screen log file:               PF05141_trimGappyout.log

Date and Time: Wed Apr 28 15:30:17 2021
